<?xml version="1.0" encoding="UTF-8"?>
<!-- Generated by org.testng.reporters.JUnitReportReporter -->
<testsuite hostname="jyotsana" failures="0" tests="1" name="com.json_server.tests.CreateResource" time="2.459" errors="0" timestamp="7 Apr 2020 06:59:59 GMT">
  <testcase classname="com.json_server.tests.CreateResource" name="createResourceWithValidData" time="2.459"/>
</testsuite> <!-- com.json_server.tests.CreateResource -->
