<?xml version="1.0" encoding="UTF-8"?>
<!-- Generated by org.testng.reporters.JUnitReportReporter -->
<testsuite hostname="jyotsana" failures="0" tests="1" name="com.json_server.tests.GetSingleResource" time="1.575" errors="0" timestamp="7 Apr 2020 07:01:01 GMT">
  <testcase classname="com.json_server.tests.GetSingleResource" name="getSingleresourceWithInValidId" time="1.575"/>
</testsuite> <!-- com.json_server.tests.GetSingleResource -->
