<?xml version="1.0" encoding="UTF-8"?>
<!-- Generated by org.testng.reporters.JUnitReportReporter -->
<testsuite hostname="jyotsana" failures="0" tests="3" name="com.json_server.test.getCustomerRecords" time="2.644" errors="0" timestamp="27 Apr 2020 06:25:07 GMT">
  <testcase classname="com.json_server.test.getCustomerRecords" name="getUsersRecordWithWrongToken" time="1.481"/>
  <testcase classname="com.json_server.test.getCustomerRecords" name="get_all_contactsdetails" time="1.006"/>
  <testcase classname="com.json_server.test.getCustomerRecords" name="get_all_contactsdetails1" time="0.157"/>
</testsuite> <!-- com.json_server.test.getCustomerRecords -->
