<?xml version="1.0" encoding="UTF-8"?>
<!-- Generated by org.testng.reporters.JUnitReportReporter -->
<testsuite hostname="jyotsana" failures="0" tests="3" name="ss.getCustomerRecords" time="2.853" errors="0" timestamp="27 Apr 2020 06:17:17 GMT">
  <testcase classname="ss.getCustomerRecords" name="getUsersRecordWithWrongToken" time="1.733"/>
  <testcase classname="ss.getCustomerRecords" name="get_all_contactsdetails" time="0.955"/>
  <testcase classname="ss.getCustomerRecords" name="get_all_contactsdetails1" time="0.165"/>
</testsuite> <!-- ss.getCustomerRecords -->
