<?xml version="1.0" encoding="UTF-8"?>
<!-- Generated by org.testng.reporters.JUnitReportReporter -->
<testsuite hostname="jyotsana" failures="0" tests="1" name="ss.getSingleRecord" time="1.524" errors="0" timestamp="27 Apr 2020 06:17:32 GMT">
  <testcase classname="ss.getSingleRecord" name="getAutherizationWithInValidphone" time="1.524"/>
</testsuite> <!-- ss.getSingleRecord -->
