<?xml version="1.0" encoding="UTF-8"?>
<!-- Generated by org.testng.reporters.JUnitReportReporter -->
<testsuite hostname="jyotsana" failures="0" tests="6" name="ss.Authentication" time="5.949" errors="0" timestamp="27 Apr 2020 06:17:03 GMT">
  <testcase classname="ss.Authentication" name="gettokenWithInvalidInput3" time="0.188"/>
  <testcase classname="ss.Authentication" name="get_all_Authenticate" time="0.788"/>
  <testcase classname="ss.Authentication" name="gettokenWithInvalidInput2" time="0.142"/>
  <testcase classname="ss.Authentication" name="gettokenWithInvalidWrongpwd" time="0.147"/>
  <testcase classname="ss.Authentication" name="getTokenWithInvalidInput" time="4.545"/>
  <testcase classname="ss.Authentication" name="gettokenWithInvalidpasswordField" time="0.139"/>
</testsuite> <!-- ss.Authentication -->
