<?xml version="1.0" encoding="UTF-8"?>
<!-- Generated by org.testng.reporters.JUnitReportReporter -->
<testsuite hostname="jyotsana" failures="0" tests="1" name="com.json_server.test.getSingleRecord" time="1.591" errors="0" timestamp="27 Apr 2020 06:25:33 GMT">
  <testcase classname="com.json_server.test.getSingleRecord" name="getAutherizationWithInValidphone" time="1.591"/>
</testsuite> <!-- com.json_server.test.getSingleRecord -->
