<?xml version="1.0" encoding="UTF-8"?>
<!-- Generated by org.testng.reporters.JUnitReportReporter -->
<testsuite hostname="jyotsana" failures="0" tests="1" name="com.json_server.tests.Get_All_Req_Data" time="3.239" errors="0" timestamp="26 Apr 2020 23:55:32 GMT">
  <testcase classname="com.json_server.tests.Get_All_Req_Data" name="get_all_contacts" time="3.239"/>
</testsuite> <!-- com.json_server.tests.Get_All_Req_Data -->
