<?xml version="1.0" encoding="UTF-8"?>
<!-- Generated by org.testng.reporters.JUnitReportReporter -->
<testsuite hostname="jyotsana" failures="0" tests="1" name="com.json_server.tests.Get_All_Req_Data" time="4.861" errors="0" timestamp="27 Apr 2020 01:15:33 GMT">
  <testcase classname="com.json_server.tests.Get_All_Req_Data" name="get_all_contacts" time="4.861"/>
</testsuite> <!-- com.json_server.tests.Get_All_Req_Data -->
