<?xml version="1.0" encoding="UTF-8"?>
<!-- Generated by org.testng.reporters.JUnitReportReporter -->
<testsuite hostname="jyotsana" failures="0" tests="6" name="com.json_server.test.Authentication" time="3.703" errors="0" timestamp="27 Apr 2020 06:24:49 GMT">
  <testcase classname="com.json_server.test.Authentication" name="gettokenWithInvalidInput3" time="0.152"/>
  <testcase classname="com.json_server.test.Authentication" name="get_all_Authenticate" time="0.995"/>
  <testcase classname="com.json_server.test.Authentication" name="gettokenWithInvalidInput2" time="0.131"/>
  <testcase classname="com.json_server.test.Authentication" name="gettokenWithInvalidWrongpwd" time="0.155"/>
  <testcase classname="com.json_server.test.Authentication" name="getTokenWithInvalidInput" time="2.130"/>
  <testcase classname="com.json_server.test.Authentication" name="gettokenWithInvalidpasswordField" time="0.140"/>
</testsuite> <!-- com.json_server.test.Authentication -->
